Arguments: 
  /usr/bin/node /home/pearlicia/.yarn/bin/yarn.js add cssbundling-rails

PATH: 
  /home/pearlicia/.rbenv/shims:/home/pearlicia/.rbenv/bin:/home/pearlicia/.rbenv/shims:/home/pearlicia/.rbenv/bin:/home/pearlicia/.yarn/bin:/home/pearlicia/.config/yarn/global/node_modules/.bin:/home/pearlicia/.fly/bin:/home/pearlicia/bin:/home/pearlicia/.rbenv/shims:/home/pearlicia/.rbenv/bin:/home/pearlicia/.rbenv/shims:/home/pearlicia/.rbenv/bin:/home/pearlicia/.yarn/bin:/home/pearlicia/.config/yarn/global/node_modules/.bin:/home/pearlicia/.fly/bin:/home/pearlicia/bin:/usr/local/sbin:/usr/local/bin:/usr/sbin:/usr/bin:/sbin:/bin:/usr/games:/usr/local/games:/snap/bin:/snap/bin:/home/pearlicia/bin:/home/pearlicia/bin

Yarn version: 
  1.22.19

Node version: 
  18.16.0

Platform: 
  linux x64

Trace: 
  Error: https://registry.yarnpkg.com/cssbundling-rails: Not found
      at params.callback [as _callback] (/home/pearlicia/.yarn/lib/cli.js:66145:18)
      at self.callback (/home/pearlicia/.yarn/lib/cli.js:140890:22)
      at Request.emit (node:events:513:28)
      at Request.<anonymous> (/home/pearlicia/.yarn/lib/cli.js:141862:10)
      at Request.emit (node:events:513:28)
      at IncomingMessage.<anonymous> (/home/pearlicia/.yarn/lib/cli.js:141784:12)
      at Object.onceWrapper (node:events:627:28)
      at IncomingMessage.emit (node:events:525:35)
      at endReadableNT (node:internal/streams/readable:1359:12)
      at process.processTicksAndRejections (node:internal/process/task_queues:82:21)

npm manifest: 
  {
    "dependencies": {
      "rails_admin": "3.1.2",
      "yarn": "^1.22.19"
      
    },
    "scripts": {
      "build:css": "sass ./app/assets/stylesheets/rails_admin.scss:./app/assets/builds/rails_admin.css --no-source-map --load-path=node_modules"
    }
  }

yarn manifest: 
  No manifest

Lockfile: 
  # THIS IS AN AUTOGENERATED FILE. DO NOT EDIT THIS FILE DIRECTLY.
  # yarn lockfile v1
  
  
  "@babel/runtime@^7.16.7":
    version "7.22.5"
    resolved "https://registry.npmjs.org/@babel/runtime/-/runtime-7.22.5.tgz"
    integrity sha512-ecjvYlnAaZ/KVneE/OdKYBYfgXV3Ptu6zQWmgEF7vwKhQnvVS6bjMD2XYgj+SNvQ1GfK/pjgokfPkC/2CO8CuA==
    dependencies:
      regenerator-runtime "^0.13.11"
  
  "@fortawesome/fontawesome-free@>=5.15.0 <7.0.0":
    version "6.4.0"
    resolved "https://registry.npmjs.org/@fortawesome/fontawesome-free/-/fontawesome-free-6.4.0.tgz"
    integrity sha512-0NyytTlPJwB/BF5LtRV8rrABDbe3TdTXqNB3PdZ+UUUZAEIrdOJdmABqKjt4AXwIoJNaRVVZEXxpNrqvE1GAYQ==
  
  "@hotwired/turbo-rails@^7.1.0":
    version "7.3.0"
    resolved "https://registry.npmjs.org/@hotwired/turbo-rails/-/turbo-rails-7.3.0.tgz"
    integrity sha512-fvhO64vp/a2UVQ3jue9WTc2JisMv9XilIC7ViZmXAREVwiQ2S4UC7Go8f9A1j4Xu7DBI6SbFdqILk5ImqVoqyA==
    dependencies:
      "@hotwired/turbo" "^7.3.0"
      "@rails/actioncable" "^7.0"
  
  "@hotwired/turbo@^7.3.0":
    version "7.3.0"
    resolved "https://registry.npmjs.org/@hotwired/turbo/-/turbo-7.3.0.tgz"
    integrity sha512-Dcu+NaSvHLT7EjrDrkEmH4qET2ZJZ5IcCWmNXxNQTBwlnE5tBZfN6WxZ842n5cHV52DH/AKNirbPBtcEXDLW4g==
  
  "@popperjs/core@^2.11.0":
    version "2.11.8"
    resolved "https://registry.npmjs.org/@popperjs/core/-/core-2.11.8.tgz"
    integrity sha512-P1st0aksCrn9sGZhp8GMYwBnQsbvAWsZAX44oXNNvLHGqAOcoVxmjZiohstwQ7SqKnbR47akdNi+uleWD8+g6A==
  
  "@rails/actioncable@^7.0":
    version "7.0.6"
    resolved "https://registry.npmjs.org/@rails/actioncable/-/actioncable-7.0.6.tgz"
    integrity sha512-ybBsUrIsu5geM8BtqnpM7ZA9D8uzSz+e1B4JR57NaCmasHKWap6AX5DT7NHIbp21opVet1qqoVSdsoLDqXeB2A==
  
  "@rails/ujs@^6.1.4-1":
    version "6.1.7"
    resolved "https://registry.npmjs.org/@rails/ujs/-/ujs-6.1.7.tgz"
    integrity sha512-0e7WQ4LE/+LEfW2zfAw9ppsB6A8RmxbdAUPAF++UT80epY+7emuQDkKXmaK0a9lp6An50RvzezI0cIQjp1A58w==
  
  bootstrap@^5.1.3:
    version "5.3.0"
    resolved "https://registry.npmjs.org/bootstrap/-/bootstrap-5.3.0.tgz"
    integrity sha512-UnBV3E3v4STVNQdms6jSGO2CvOkjUMdDAVR2V5N4uCMdaIkaQjbcEAMqRimDHIs4uqBYzDAKCQwCB+97tJgHQw==
  
  flatpickr@^4.6.9:
    version "4.6.13"
    resolved "https://registry.npmjs.org/flatpickr/-/flatpickr-4.6.13.tgz"
    integrity sha512-97PMG/aywoYpB4IvbvUJi0RQi8vearvU0oov1WW3k0WZPBMrTQVqekSX5CjSG/M4Q3i6A/0FKXC7RyAoAUUSPw==
  
  jquery-ui@^1.12.1:
    version "1.13.2"
    resolved "https://registry.npmjs.org/jquery-ui/-/jquery-ui-1.13.2.tgz"
    integrity sha512-wBZPnqWs5GaYJmo1Jj0k/mrSkzdQzKDwhXNtHKcBdAcKVxMM3KNYFq+iJ2i1rwiG53Z8M4mTn3Qxrm17uH1D4Q==
    dependencies:
      jquery ">=1.8.0 <4.0.0"
  
  "jquery@>=1.8.0 <4.0.0", jquery@^3.6.0:
    version "3.7.0"
    resolved "https://registry.npmjs.org/jquery/-/jquery-3.7.0.tgz"
    integrity sha512-umpJ0/k8X0MvD1ds0P9SfowREz2LenHsQaxSohMZ5OMNEU2r0tf8pdeEFTHMFxWVxKNyU9rTtK3CWzUCTKJUeQ==
  
  rails_admin@3.1.2:
    version "3.1.2"
    resolved "https://registry.npmjs.org/rails_admin/-/rails_admin-3.1.2.tgz"
    integrity sha512-uIQHN27lBvlav6s5ppmOtVxKN8GIxyhHuDFc9ZbvWgFknR4zgG4/xEUGzKzQ9R34AEsfZ/t8cZbvtvgj+aXp4A==
    dependencies:
      "@babel/runtime" "^7.16.7"
      "@fortawesome/fontawesome-free" ">=5.15.0 <7.0.0"
      "@hotwired/turbo-rails" "^7.1.0"
      "@popperjs/core" "^2.11.0"
      "@rails/ujs" "^6.1.4-1"
      bootstrap "^5.1.3"
      flatpickr "^4.6.9"
      jquery "^3.6.0"
      jquery-ui "^1.12.1"
  
  regenerator-runtime@^0.13.11:
    version "0.13.11"
    resolved "https://registry.npmjs.org/regenerator-runtime/-/regenerator-runtime-0.13.11.tgz"
    integrity sha512-kY1AZVr2Ra+t+piVaJ4gxaFaReZVH40AKNo7UCX6W+dEwBo/2oZJzqfuN1qLq1oL45o56cPaTXELwrTh8Fpggg==
  
  yarn@^1.22.19:
    version "1.22.19"
    resolved "https://registry.npmjs.org/yarn/-/yarn-1.22.19.tgz"
    integrity sha512-/0V5q0WbslqnwP91tirOvldvYISzaqhClxzyUKXYxs07yUILIs5jx/k6CFe8bvKSkds5w+eiOqta39Wk3WxdcQ==
